# JRE version: OpenJDK Runtime Environment (8.0_131-b11) (build 1.8.0_131-8u131-b11-0ubuntu1.16.04.2-b11)
# Java VM: OpenJDK 64-Bit Server VM (25.131-b11 mixed mode linux-amd64 compressed oops)
Heap:
 PSYoungGen      total 454656K, used 377344K [0x00000000d7100000, 0x00000000ffe00000, 0x0000000100000000)
  eden space 240640K, 100% used [0x00000000d7100000,0x00000000e5c00000,0x00000000e5c00000)
  from space 214016K, 63% used [0x00000000e5c00000,0x00000000ee180010,0x00000000f2d00000)
  to   space 212480K, 57% used [0x00000000f2e80000,0x00000000fa668010,0x00000000ffe00000)
 ParOldGen       total 709120K, used 524907K [0x0000000085200000, 0x00000000b0680000, 0x00000000d7100000)
  object space 709120K, 74% used [0x0000000085200000,0x00000000a529afc0,0x00000000b0680000)
 Metaspace       used 4043K, capacity 4800K, committed 4864K, reserved 1056768K
  class space    used 438K, capacity 496K, committed 512K, reserved 1048576K
GC Heap History (10 events):
Event: 26.810 GC heap after
Heap after GC invocations=33 (full 4):
 PSYoungGen      total 379904K, used 135808K [0x00000000d7100000, 0x0000000100000000, 0x0000000100000000)
  eden space 243712K, 0% used [0x00000000d7100000,0x00000000d7100000,0x00000000e5f00000)
  from space 136192K, 99% used [0x00000000e5f00000,0x00000000ee3a0010,0x00000000ee400000)
  to   space 214528K, 0% used [0x00000000f2e80000,0x00000000f2e80000,0x0000000100000000)
 ParOldGen       total 709120K, used 524907K [0x0000000085200000, 0x00000000b0680000, 0x00000000d7100000)
  object space 709120K, 74% used [0x0000000085200000,0x00000000a529afc0,0x00000000b0680000)
 Metaspace       used 4040K, capacity 4800K, committed 4864K, reserved 1056768K
  class space    used 438K, capacity 496K, committed 512K, reserved 1048576K
}
Event: 27.150 GC heap before
{Heap before GC invocations=34 (full 4):
 PSYoungGen      total 379904K, used 379520K [0x00000000d7100000, 0x0000000100000000, 0x0000000100000000)
  eden space 243712K, 100% used [0x00000000d7100000,0x00000000e5f00000,0x00000000e5f00000)
  from space 136192K, 99% used [0x00000000e5f00000,0x00000000ee3a0010,0x00000000ee400000)
  to   space 214528K, 0% used [0x00000000f2e80000,0x00000000f2e80000,0x0000000100000000)
 ParOldGen       total 709120K, used 524907K [0x0000000085200000, 0x00000000b0680000, 0x00000000d7100000)
  object space 709120K, 74% used [0x0000000085200000,0x00000000a529afc0,0x00000000b0680000)
 Metaspace       used 4043K, capacity 4800K, committed 4864K, reserved 1056768K
  class space    used 438K, capacity 496K, committed 512K, reserved 1048576K
Event: 27.448 GC heap after
Heap after GC invocations=34 (full 4):
 PSYoungGen      total 455168K, used 136256K [0x00000000d7100000, 0x0000000100000000, 0x0000000100000000)
  eden space 240640K, 0% used [0x00000000d7100000,0x00000000d7100000,0x00000000e5c00000)
  from space 214528K, 63% used [0x00000000f2e80000,0x00000000fb390010,0x0000000100000000)
  to   space 215040K, 0% used [0x00000000e5c00000,0x00000000e5c00000,0x00000000f2e00000)
 ParOldGen       total 709120K, used 524907K [0x0000000085200000, 0x00000000b0680000, 0x00000000d7100000)
  object space 709120K, 74% used [0x0000000085200000,0x00000000a529afc0,0x00000000b0680000)
 Metaspace       used 4043K, capacity 4800K, committed 4864K, reserved 1056768K
  class space    used 438K, capacity 496K, committed 512K, reserved 1048576K
}
Event: 27.813 GC heap before
{Heap before GC invocations=35 (full 4):
 PSYoungGen      total 455168K, used 376896K [0x00000000d7100000, 0x0000000100000000, 0x0000000100000000)
  eden space 240640K, 100% used [0x00000000d7100000,0x00000000e5c00000,0x00000000e5c00000)
  from space 214528K, 63% used [0x00000000f2e80000,0x00000000fb390010,0x0000000100000000)
  to   space 215040K, 0% used [0x00000000e5c00000,0x00000000e5c00000,0x00000000f2e00000)
 ParOldGen       total 709120K, used 524907K [0x0000000085200000, 0x00000000b0680000, 0x00000000d7100000)
  object space 709120K, 74% used [0x0000000085200000,0x00000000a529afc0,0x00000000b0680000)
 Metaspace       used 4043K, capacity 4800K, committed 4864K, reserved 1056768K
  class space    used 438K, capacity 496K, committed 512K, reserved 1048576K
Event: 28.022 GC heap after
Heap after GC invocations=35 (full 4):
 PSYoungGen      total 455680K, used 136480K [0x00000000d7100000, 0x0000000100000000, 0x0000000100000000)
  eden space 240640K, 0% used [0x00000000d7100000,0x00000000d7100000,0x00000000e5c00000)
  from space 215040K, 63% used [0x00000000e5c00000,0x00000000ee148010,0x00000000f2e00000)
  to   space 215040K, 0% used [0x00000000f2e00000,0x00000000f2e00000,0x0000000100000000)
 ParOldGen       total 709120K, used 524907K [0x0000000085200000, 0x00000000b0680000, 0x00000000d7100000)
  object space 709120K, 74% used [0x0000000085200000,0x00000000a529afc0,0x00000000b0680000)
 Metaspace       used 4043K, capacity 4800K, committed 4864K, reserved 1056768K
  class space    used 438K, capacity 496K, committed 512K, reserved 1048576K
}
Event: 28.322 GC heap before
{Heap before GC invocations=36 (full 4):
 PSYoungGen      total 455680K, used 377120K [0x00000000d7100000, 0x0000000100000000, 0x0000000100000000)
  eden space 240640K, 100% used [0x00000000d7100000,0x00000000e5c00000,0x00000000e5c00000)
  from space 215040K, 63% used [0x00000000e5c00000,0x00000000ee148010,0x00000000f2e00000)
  to   space 215040K, 0% used [0x00000000f2e00000,0x00000000f2e00000,0x0000000100000000)
 ParOldGen       total 709120K, used 524907K [0x0000000085200000, 0x00000000b0680000, 0x00000000d7100000)
  object space 709120K, 74% used [0x0000000085200000,0x00000000a529afc0,0x00000000b0680000)
 Metaspace       used 4043K, capacity 4800K, committed 4864K, reserved 1056768K
  class space    used 438K, capacity 496K, committed 512K, reserved 1048576K
Event: 28.551 GC heap after
Heap after GC invocations=36 (full 4):
 PSYoungGen      total 453632K, used 136640K [0x00000000d7100000, 0x00000000ffe00000, 0x0000000100000000)
  eden space 240640K, 0% used [0x00000000d7100000,0x00000000d7100000,0x00000000e5c00000)
  from space 212992K, 64% used [0x00000000f2e00000,0x00000000fb370010,0x00000000ffe00000)
  to   space 214016K, 0% used [0x00000000e5c00000,0x00000000e5c00000,0x00000000f2d00000)
 ParOldGen       total 709120K, used 524907K [0x0000000085200000, 0x00000000b0680000, 0x00000000d7100000)
  object space 709120K, 74% used [0x0000000085200000,0x00000000a529afc0,0x00000000b0680000)
 Metaspace       used 4043K, capacity 4800K, committed 4864K, reserved 1056768K
  class space    used 438K, capacity 496K, committed 512K, reserved 1048576K
}
Event: 28.840 GC heap before
{Heap before GC invocations=37 (full 4):
 PSYoungGen      total 453632K, used 377280K [0x00000000d7100000, 0x00000000ffe00000, 0x0000000100000000)
  eden space 240640K, 100% used [0x00000000d7100000,0x00000000e5c00000,0x00000000e5c00000)
  from space 212992K, 64% used [0x00000000f2e00000,0x00000000fb370010,0x00000000ffe00000)
  to   space 214016K, 0% used [0x00000000e5c00000,0x00000000e5c00000,0x00000000f2d00000)
 ParOldGen       total 709120K, used 524907K [0x0000000085200000, 0x00000000b0680000, 0x00000000d7100000)
  object space 709120K, 74% used [0x0000000085200000,0x00000000a529afc0,0x00000000b0680000)
 Metaspace       used 4043K, capacity 4800K, committed 4864K, reserved 1056768K
  class space    used 438K, capacity 496K, committed 512K, reserved 1048576K
Event: 29.054 GC heap after
Heap after GC invocations=37 (full 4):
 PSYoungGen      total 454656K, used 136704K [0x00000000d7100000, 0x00000000ffe00000, 0x0000000100000000)
  eden space 240640K, 0% used [0x00000000d7100000,0x00000000d7100000,0x00000000e5c00000)
  from space 214016K, 63% used [0x00000000e5c00000,0x00000000ee180010,0x00000000f2d00000)
  to   space 212480K, 0% used [0x00000000f2e80000,0x00000000f2e80000,0x00000000ffe00000)
 ParOldGen       total 709120K, used 524907K [0x0000000085200000, 0x00000000b0680000, 0x00000000d7100000)
  object space 709120K, 74% used [0x0000000085200000,0x00000000a529afc0,0x00000000b0680000)
 Metaspace       used 4043K, capacity 4800K, committed 4864K, reserved 1056768K
  class space    used 438K, capacity 496K, committed 512K, reserved 1048576K
}
Event: 29.294 GC heap before
{Heap before GC invocations=38 (full 4):
 PSYoungGen      total 454656K, used 377344K [0x00000000d7100000, 0x00000000ffe00000, 0x0000000100000000)
  eden space 240640K, 100% used [0x00000000d7100000,0x00000000e5c00000,0x00000000e5c00000)
  from space 214016K, 63% used [0x00000000e5c00000,0x00000000ee180010,0x00000000f2d00000)
  to   space 212480K, 0% used [0x00000000f2e80000,0x00000000f2e80000,0x00000000ffe00000)
 ParOldGen       total 709120K, used 524907K [0x0000000085200000, 0x00000000b0680000, 0x00000000d7100000)
  object space 709120K, 74% used [0x0000000085200000,0x00000000a529afc0,0x00000000b0680000)
 Metaspace       used 4043K, capacity 4800K, committed 4864K, reserved 1056768K
  class space    used 438K, capacity 496K, committed 512K, reserved 1048576K

