# JRE version: OpenJDK Runtime Environment (8.0_131-b11) (build 1.8.0_131-8u131-b11-0ubuntu1.16.04.2-b11)
# Java VM: OpenJDK 64-Bit Server VM (25.131-b11 mixed mode linux-amd64 compressed oops)
Heap:
 PSYoungGen      total 566272K, used 47808K [0x00000000d7100000, 0x0000000100000000, 0x0000000100000000)
  eden space 482304K, 0% used [0x00000000d7100000,0x00000000d7100000,0x00000000f4800000)
  from space 83968K, 56% used [0x00000000fae00000,0x00000000fdcb0000,0x0000000100000000)
  to   space 94208K, 0% used [0x00000000f4800000,0x00000000f4800000,0x00000000fa400000)
 ParOldGen       total 310784K, used 309332K [0x0000000085200000, 0x0000000098180000, 0x00000000d7100000)
  object space 310784K, 99% used [0x0000000085200000,0x00000000980151f8,0x0000000098180000)
 Metaspace       used 3602K, capacity 4570K, committed 4864K, reserved 1056768K
  class space    used 391K, capacity 394K, committed 512K, reserved 1048576K
GC Heap History (10 events):
Event: 8.045 GC heap after
Heap after GC invocations=14 (full 1):
 PSYoungGen      total 581120K, used 64480K [0x00000000d7100000, 0x0000000100000000, 0x0000000100000000)
  eden space 516608K, 0% used [0x00000000d7100000,0x00000000d7100000,0x00000000f6980000)
  from space 64512K, 99% used [0x00000000f6980000,0x00000000fa878010,0x00000000fa880000)
  to   space 83968K, 0% used [0x00000000fae00000,0x00000000fae00000,0x0000000100000000)
 ParOldGen       total 176640K, used 164222K [0x0000000085200000, 0x000000008fe80000, 0x00000000d7100000)
  object space 176640K, 92% used [0x0000000085200000,0x000000008f25fb20,0x000000008fe80000)
 Metaspace       used 3602K, capacity 4570K, committed 4864K, reserved 1056768K
  class space    used 391K, capacity 394K, committed 512K, reserved 1048576K
}
Event: 8.045 GC heap before
{Heap before GC invocations=15 (full 2):
 PSYoungGen      total 581120K, used 64480K [0x00000000d7100000, 0x0000000100000000, 0x0000000100000000)
  eden space 516608K, 0% used [0x00000000d7100000,0x00000000d7100000,0x00000000f6980000)
  from space 64512K, 99% used [0x00000000f6980000,0x00000000fa878010,0x00000000fa880000)
  to   space 83968K, 0% used [0x00000000fae00000,0x00000000fae00000,0x0000000100000000)
 ParOldGen       total 176640K, used 164222K [0x0000000085200000, 0x000000008fe80000, 0x00000000d7100000)
  object space 176640K, 92% used [0x0000000085200000,0x000000008f25fb20,0x000000008fe80000)
 Metaspace       used 3602K, capacity 4570K, committed 4864K, reserved 1056768K
  class space    used 391K, capacity 394K, committed 512K, reserved 1048576K
Event: 9.664 GC heap after
Heap after GC invocations=15 (full 2):
 PSYoungGen      total 581120K, used 48056K [0x00000000d7100000, 0x0000000100000000, 0x0000000100000000)
  eden space 516608K, 0% used [0x00000000d7100000,0x00000000d7100000,0x00000000f6980000)
  from space 64512K, 74% used [0x00000000f6980000,0x00000000f986e020,0x00000000fa880000)
  to   space 83968K, 0% used [0x00000000fae00000,0x00000000fae00000,0x0000000100000000)
 ParOldGen       total 299520K, used 176260K [0x0000000085200000, 0x0000000097680000, 0x00000000d7100000)
  object space 299520K, 58% used [0x0000000085200000,0x000000008fe211f8,0x0000000097680000)
 Metaspace       used 3602K, capacity 4570K, committed 4864K, reserved 1056768K
  class space    used 391K, capacity 394K, committed 512K, reserved 1048576K
}
Event: 10.179 GC heap before
{Heap before GC invocations=16 (full 2):
 PSYoungGen      total 581120K, used 564664K [0x00000000d7100000, 0x0000000100000000, 0x0000000100000000)
  eden space 516608K, 100% used [0x00000000d7100000,0x00000000f6980000,0x00000000f6980000)
  from space 64512K, 74% used [0x00000000f6980000,0x00000000f986e020,0x00000000fa880000)
  to   space 83968K, 0% used [0x00000000fae00000,0x00000000fae00000,0x0000000100000000)
 ParOldGen       total 299520K, used 176260K [0x0000000085200000, 0x0000000097680000, 0x00000000d7100000)
  object space 299520K, 58% used [0x0000000085200000,0x000000008fe211f8,0x0000000097680000)
 Metaspace       used 3602K, capacity 4570K, committed 4864K, reserved 1056768K
  class space    used 391K, capacity 394K, committed 512K, reserved 1048576K
Event: 10.401 GC heap after
Heap after GC invocations=16 (full 2):
 PSYoungGen      total 588800K, used 39872K [0x00000000d7100000, 0x0000000100000000, 0x0000000100000000)
  eden space 504832K, 0% used [0x00000000d7100000,0x00000000d7100000,0x00000000f5e00000)
  from space 83968K, 47% used [0x00000000fae00000,0x00000000fd4f0000,0x0000000100000000)
  to   space 81920K, 0% used [0x00000000f5e00000,0x00000000f5e00000,0x00000000fae00000)
 ParOldGen       total 299520K, used 224500K [0x0000000085200000, 0x0000000097680000, 0x00000000d7100000)
  object space 299520K, 74% used [0x0000000085200000,0x0000000092d3d1f8,0x0000000097680000)
 Metaspace       used 3602K, capacity 4570K, committed 4864K, reserved 1056768K
  class space    used 391K, capacity 394K, committed 512K, reserved 1048576K
}
Event: 10.815 GC heap before
{Heap before GC invocations=17 (full 2):
 PSYoungGen      total 588800K, used 544704K [0x00000000d7100000, 0x0000000100000000, 0x0000000100000000)
  eden space 504832K, 100% used [0x00000000d7100000,0x00000000f5e00000,0x00000000f5e00000)
  from space 83968K, 47% used [0x00000000fae00000,0x00000000fd4f0000,0x0000000100000000)
  to   space 81920K, 0% used [0x00000000f5e00000,0x00000000f5e00000,0x00000000fae00000)
 ParOldGen       total 299520K, used 224500K [0x0000000085200000, 0x0000000097680000, 0x00000000d7100000)
  object space 299520K, 74% used [0x0000000085200000,0x0000000092d3d1f8,0x0000000097680000)
 Metaspace       used 3602K, capacity 4570K, committed 4864K, reserved 1056768K
  class space    used 391K, capacity 394K, committed 512K, reserved 1048576K
Event: 10.994 GC heap after
Heap after GC invocations=17 (full 2):
 PSYoungGen      total 586752K, used 81920K [0x00000000d7100000, 0x0000000100000000, 0x0000000100000000)
  eden space 504832K, 0% used [0x00000000d7100000,0x00000000d7100000,0x00000000f5e00000)
  from space 81920K, 100% used [0x00000000f5e00000,0x00000000fae00000,0x00000000fae00000)
  to   space 83968K, 0% used [0x00000000fae00000,0x00000000fae00000,0x0000000100000000)
 ParOldGen       total 299520K, used 227188K [0x0000000085200000, 0x0000000097680000, 0x00000000d7100000)
  object space 299520K, 75% used [0x0000000085200000,0x0000000092fdd1f8,0x0000000097680000)
 Metaspace       used 3602K, capacity 4570K, committed 4864K, reserved 1056768K
  class space    used 391K, capacity 394K, committed 512K, reserved 1048576K
}
Event: 11.400 GC heap before
{Heap before GC invocations=18 (full 2):
 PSYoungGen      total 586752K, used 586752K [0x00000000d7100000, 0x0000000100000000, 0x0000000100000000)
  eden space 504832K, 100% used [0x00000000d7100000,0x00000000f5e00000,0x00000000f5e00000)
  from space 81920K, 100% used [0x00000000f5e00000,0x00000000fae00000,0x00000000fae00000)
  to   space 83968K, 0% used [0x00000000fae00000,0x00000000fae00000,0x0000000100000000)
 ParOldGen       total 299520K, used 227188K [0x0000000085200000, 0x0000000097680000, 0x00000000d7100000)
  object space 299520K, 75% used [0x0000000085200000,0x0000000092fdd1f8,0x0000000097680000)
 Metaspace       used 3602K, capacity 4570K, committed 4864K, reserved 1056768K
  class space    used 391K, capacity 394K, committed 512K, reserved 1048576K
Event: 11.691 GC heap after
Heap after GC invocations=18 (full 2):
 PSYoungGen      total 566272K, used 47808K [0x00000000d7100000, 0x0000000100000000, 0x0000000100000000)
  eden space 482304K, 0% used [0x00000000d7100000,0x00000000d7100000,0x00000000f4800000)
  from space 83968K, 56% used [0x00000000fae00000,0x00000000fdcb0000,0x0000000100000000)
  to   space 94208K, 0% used [0x00000000f4800000,0x00000000f4800000,0x00000000fa400000)
 ParOldGen       total 310784K, used 309332K [0x0000000085200000, 0x0000000098180000, 0x00000000d7100000)
  object space 310784K, 99% used [0x0000000085200000,0x00000000980151f8,0x0000000098180000)
 Metaspace       used 3602K, capacity 4570K, committed 4864K, reserved 1056768K
  class space    used 391K, capacity 394K, committed 512K, reserved 1048576K
}
Event: 11.691 GC heap before
{Heap before GC invocations=19 (full 3):
 PSYoungGen      total 566272K, used 47808K [0x00000000d7100000, 0x0000000100000000, 0x0000000100000000)
  eden space 482304K, 0% used [0x00000000d7100000,0x00000000d7100000,0x00000000f4800000)
  from space 83968K, 56% used [0x00000000fae00000,0x00000000fdcb0000,0x0000000100000000)
  to   space 94208K, 0% used [0x00000000f4800000,0x00000000f4800000,0x00000000fa400000)
 ParOldGen       total 310784K, used 309332K [0x0000000085200000, 0x0000000098180000, 0x00000000d7100000)
  object space 310784K, 99% used [0x0000000085200000,0x00000000980151f8,0x0000000098180000)
 Metaspace       used 3602K, capacity 4570K, committed 4864K, reserved 1056768K
  class space    used 391K, capacity 394K, committed 512K, reserved 1048576K

