# JRE version: OpenJDK Runtime Environment (8.0_131-b11) (build 1.8.0_131-8u131-b11-0ubuntu1.16.04.2-b11)
# Java VM: OpenJDK 64-Bit Server VM (25.131-b11 mixed mode linux-amd64 compressed oops)
Heap:
 PSYoungGen      total 525312K, used 521024K [0x00000000d7100000, 0x0000000100000000, 0x0000000100000000)
  eden space 412672K, 100% used [0x00000000d7100000,0x00000000f0400000,0x00000000f0400000)
  from space 112640K, 96% used [0x00000000f9200000,0x00000000ffbd0000,0x0000000100000000)
  to   space 129024K, 100% used [0x00000000f0400000,0x00000000f8200000,0x00000000f8200000)
 ParOldGen       total 508416K, used 421590K [0x0000000085200000, 0x00000000a4280000, 0x00000000d7100000)
  object space 508416K, 82% used [0x0000000085200000,0x000000009edb5a68,0x00000000a4280000)
 Metaspace       used 3608K, capacity 4570K, committed 4864K, reserved 1056768K
  class space    used 391K, capacity 394K, committed 512K, reserved 1048576K
GC Heap History (10 events):
Event: 15.669 GC heap after
Heap after GC invocations=19 (full 3):
 PSYoungGen      total 565760K, used 46348K [0x00000000d7100000, 0x0000000100000000, 0x0000000100000000)
  eden space 482304K, 0% used [0x00000000d7100000,0x00000000d7100000,0x00000000f4800000)
  from space 83456K, 55% used [0x00000000fae80000,0x00000000fdbc3388,0x0000000100000000)
  to   space 94208K, 0% used [0x00000000f4800000,0x00000000f4800000,0x00000000fa400000)
 ParOldGen       total 508416K, used 309470K [0x0000000085200000, 0x00000000a4280000, 0x00000000d7100000)
  object space 508416K, 60% used [0x0000000085200000,0x0000000098037a58,0x00000000a4280000)
 Metaspace       used 3606K, capacity 4570K, committed 4864K, reserved 1056768K
  class space    used 391K, capacity 394K, committed 512K, reserved 1048576K
}
Event: 16.112 GC heap before
{Heap before GC invocations=20 (full 3):
 PSYoungGen      total 565760K, used 528652K [0x00000000d7100000, 0x0000000100000000, 0x0000000100000000)
  eden space 482304K, 100% used [0x00000000d7100000,0x00000000f4800000,0x00000000f4800000)
  from space 83456K, 55% used [0x00000000fae80000,0x00000000fdbc3388,0x0000000100000000)
  to   space 94208K, 0% used [0x00000000f4800000,0x00000000f4800000,0x00000000fa400000)
 ParOldGen       total 508416K, used 309470K [0x0000000085200000, 0x00000000a4280000, 0x00000000d7100000)
  object space 508416K, 60% used [0x0000000085200000,0x0000000098037a58,0x00000000a4280000)
 Metaspace       used 3606K, capacity 4570K, committed 4864K, reserved 1056768K
  class space    used 391K, capacity 394K, committed 512K, reserved 1048576K
Event: 16.306 GC heap after
Heap after GC invocations=20 (full 3):
 PSYoungGen      total 576512K, used 94176K [0x00000000d7100000, 0x0000000100000000, 0x0000000100000000)
  eden space 482304K, 0% used [0x00000000d7100000,0x00000000d7100000,0x00000000f4800000)
  from space 94208K, 99% used [0x00000000f4800000,0x00000000fa3f8010,0x00000000fa400000)
  to   space 94208K, 0% used [0x00000000fa400000,0x00000000fa400000,0x0000000100000000)
 ParOldGen       total 508416K, used 317462K [0x0000000085200000, 0x00000000a4280000, 0x00000000d7100000)
  object space 508416K, 62% used [0x0000000085200000,0x0000000098805a58,0x00000000a4280000)
 Metaspace       used 3606K, capacity 4570K, committed 4864K, reserved 1056768K
  class space    used 391K, capacity 394K, committed 512K, reserved 1048576K
}
Event: 16.664 GC heap before
{Heap before GC invocations=21 (full 3):
 PSYoungGen      total 576512K, used 576480K [0x00000000d7100000, 0x0000000100000000, 0x0000000100000000)
  eden space 482304K, 100% used [0x00000000d7100000,0x00000000f4800000,0x00000000f4800000)
  from space 94208K, 99% used [0x00000000f4800000,0x00000000fa3f8010,0x00000000fa400000)
  to   space 94208K, 0% used [0x00000000fa400000,0x00000000fa400000,0x0000000100000000)
 ParOldGen       total 508416K, used 317462K [0x0000000085200000, 0x00000000a4280000, 0x00000000d7100000)
  object space 508416K, 62% used [0x0000000085200000,0x0000000098805a58,0x00000000a4280000)
 Metaspace       used 3608K, capacity 4570K, committed 4864K, reserved 1056768K
  class space    used 391K, capacity 394K, committed 512K, reserved 1048576K
Event: 16.875 GC heap after
Heap after GC invocations=21 (full 3):
 PSYoungGen      total 549888K, used 33664K [0x00000000d7100000, 0x0000000100000000, 0x0000000100000000)
  eden space 455680K, 0% used [0x00000000d7100000,0x00000000d7100000,0x00000000f2e00000)
  from space 94208K, 35% used [0x00000000fa400000,0x00000000fc4e0000,0x0000000100000000)
  to   space 107520K, 0% used [0x00000000f2e00000,0x00000000f2e00000,0x00000000f9700000)
 ParOldGen       total 508416K, used 411854K [0x0000000085200000, 0x00000000a4280000, 0x00000000d7100000)
  object space 508416K, 81% used [0x0000000085200000,0x000000009e433a68,0x00000000a4280000)
 Metaspace       used 3608K, capacity 4570K, committed 4864K, reserved 1056768K
  class space    used 391K, capacity 394K, committed 512K, reserved 1048576K
}
Event: 17.205 GC heap before
{Heap before GC invocations=22 (full 3):
 PSYoungGen      total 549888K, used 489344K [0x00000000d7100000, 0x0000000100000000, 0x0000000100000000)
  eden space 455680K, 100% used [0x00000000d7100000,0x00000000f2e00000,0x00000000f2e00000)
  from space 94208K, 35% used [0x00000000fa400000,0x00000000fc4e0000,0x0000000100000000)
  to   space 107520K, 0% used [0x00000000f2e00000,0x00000000f2e00000,0x00000000f9700000)
 ParOldGen       total 508416K, used 411854K [0x0000000085200000, 0x00000000a4280000, 0x00000000d7100000)
  object space 508416K, 81% used [0x0000000085200000,0x000000009e433a68,0x00000000a4280000)
 Metaspace       used 3608K, capacity 4570K, committed 4864K, reserved 1056768K
  class space    used 391K, capacity 394K, committed 512K, reserved 1048576K
Event: 17.337 GC heap after
Heap after GC invocations=22 (full 3):
 PSYoungGen      total 531456K, used 75712K [0x00000000d7100000, 0x0000000100000000, 0x0000000100000000)
  eden space 455680K, 0% used [0x00000000d7100000,0x00000000d7100000,0x00000000f2e00000)
  from space 75776K, 99% used [0x00000000f2e00000,0x00000000f77f0000,0x00000000f7800000)
  to   space 112640K, 0% used [0x00000000f9200000,0x00000000f9200000,0x0000000100000000)
 ParOldGen       total 508416K, used 411854K [0x0000000085200000, 0x00000000a4280000, 0x00000000d7100000)
  object space 508416K, 81% used [0x0000000085200000,0x000000009e433a68,0x00000000a4280000)
 Metaspace       used 3608K, capacity 4570K, committed 4864K, reserved 1056768K
  class space    used 391K, capacity 394K, committed 512K, reserved 1048576K
}
Event: 17.703 GC heap before
{Heap before GC invocations=23 (full 3):
 PSYoungGen      total 531456K, used 531392K [0x00000000d7100000, 0x0000000100000000, 0x0000000100000000)
  eden space 455680K, 100% used [0x00000000d7100000,0x00000000f2e00000,0x00000000f2e00000)
  from space 75776K, 99% used [0x00000000f2e00000,0x00000000f77f0000,0x00000000f7800000)
  to   space 112640K, 0% used [0x00000000f9200000,0x00000000f9200000,0x0000000100000000)
 ParOldGen       total 508416K, used 411854K [0x0000000085200000, 0x00000000a4280000, 0x00000000d7100000)
  object space 508416K, 81% used [0x0000000085200000,0x000000009e433a68,0x00000000a4280000)
 Metaspace       used 3608K, capacity 4570K, committed 4864K, reserved 1056768K
  class space    used 391K, capacity 394K, committed 512K, reserved 1048576K
Event: 17.907 GC heap after
Heap after GC invocations=23 (full 3):
 PSYoungGen      total 525312K, used 108352K [0x00000000d7100000, 0x0000000100000000, 0x0000000100000000)
  eden space 412672K, 0% used [0x00000000d7100000,0x00000000d7100000,0x00000000f0400000)
  from space 112640K, 96% used [0x00000000f9200000,0x00000000ffbd0000,0x0000000100000000)
  to   space 129024K, 0% used [0x00000000f0400000,0x00000000f0400000,0x00000000f8200000)
 ParOldGen       total 508416K, used 411854K [0x0000000085200000, 0x00000000a4280000, 0x00000000d7100000)
  object space 508416K, 81% used [0x0000000085200000,0x000000009e433a68,0x00000000a4280000)
 Metaspace       used 3608K, capacity 4570K, committed 4864K, reserved 1056768K
  class space    used 391K, capacity 394K, committed 512K, reserved 1048576K
}
Event: 18.218 GC heap before
{Heap before GC invocations=24 (full 3):
 PSYoungGen      total 525312K, used 521024K [0x00000000d7100000, 0x0000000100000000, 0x0000000100000000)
  eden space 412672K, 100% used [0x00000000d7100000,0x00000000f0400000,0x00000000f0400000)
  from space 112640K, 96% used [0x00000000f9200000,0x00000000ffbd0000,0x0000000100000000)
  to   space 129024K, 0% used [0x00000000f0400000,0x00000000f0400000,0x00000000f8200000)
 ParOldGen       total 508416K, used 411854K [0x0000000085200000, 0x00000000a4280000, 0x00000000d7100000)
  object space 508416K, 81% used [0x0000000085200000,0x000000009e433a68,0x00000000a4280000)
 Metaspace       used 3608K, capacity 4570K, committed 4864K, reserved 1056768K
  class space    used 391K, capacity 394K, committed 512K, reserved 1048576K

